Socket Logging 2016 6月26 日 00:38:12 INFO     240  Information is : hello world!
Socket Logging 2016 6月26 日 00:38:17 INFO     117  Change BoxSize To : 3
Socket Logging 2016 6月26 日 00:38:31 INFO     275  Server Thread 0 Start
Socket Logging 2016 6月26 日 00:38:31 INFO     338  Server Start Connect To 127.0.0.1:8090... 
Socket Logging 2016 6月26 日 00:38:31 INFO     370  Are You OK? 4
Socket Logging 2016 6月26 日 00:38:31 INFO     371  Thread-2 Send Data 0000h
Socket Logging 2016 6月26 日 00:38:32 INFO     382  Thread-2 Receive Ack  0001
Socket Logging 2016 6月26 日 00:38:32 INFO     386  Thread-2 DDDDDDDDDDDDDData 0001
Socket Logging 2016 6月26 日 00:38:32 INFO     387  Now The Sf is 0
Socket Logging 2016 6月26 日 00:38:32 INFO     391  hasSend is 0 plus 0
Socket Logging 2016 6月26 日 00:38:32 INFO     406  Get The Right Ack , Send Next Data 
Socket Logging 2016 6月26 日 00:38:32 INFO     391  hasSend is 1 plus 1
Socket Logging 2016 6月26 日 00:38:32 INFO     370  Are You OK? 4
Socket Logging 2016 6月26 日 00:38:32 INFO     371  Thread-2 Send Data 0001e
Socket Logging 2016 6月26 日 00:38:32 INFO     275  Server Thread 1 Start
Socket Logging 2016 6月26 日 00:38:32 INFO     338  Server Start Connect To 127.0.0.1:8090... 
Socket Logging 2016 6月26 日 00:38:32 INFO     370  Are You OK? 4
Socket Logging 2016 6月26 日 00:38:32 INFO     371  Thread-3 Send Data 0010l
Socket Logging 2016 6月26 日 00:38:33 INFO     382  Thread-2 Receive Ack  0010
Socket Logging 2016 6月26 日 00:38:33 INFO     386  Thread-2 DDDDDDDDDDDDDData 0010
Socket Logging 2016 6月26 日 00:38:33 INFO     387  Now The Sf is 1
Socket Logging 2016 6月26 日 00:38:33 INFO     391  hasSend is 1 plus 0
Socket Logging 2016 6月26 日 00:38:33 INFO     406  Get The Right Ack , Send Next Data 
Socket Logging 2016 6月26 日 00:38:33 INFO     391  hasSend is 2 plus 1
Socket Logging 2016 6月26 日 00:38:33 INFO     370  Are You OK? 4
Socket Logging 2016 6月26 日 00:38:33 INFO     371  Thread-2 Send Data 0011l
Socket Logging 2016 6月26 日 00:38:33 INFO     275  Server Thread 2 Start
Socket Logging 2016 6月26 日 00:38:33 INFO     338  Server Start Connect To 127.0.0.1:8090... 
Socket Logging 2016 6月26 日 00:38:33 INFO     370  Are You OK? 4
Socket Logging 2016 6月26 日 00:38:33 INFO     371  Thread-4 Send Data 0000o
Socket Logging 2016 6月26 日 00:38:33 INFO     382  Thread-3 Receive Ack  0011
Socket Logging 2016 6月26 日 00:38:33 INFO     386  Thread-3 DDDDDDDDDDDDDData 0011
Socket Logging 2016 6月26 日 00:38:33 INFO     387  Now The Sf is 2
Socket Logging 2016 6月26 日 00:38:33 INFO     391  hasSend is 2 plus 0
Socket Logging 2016 6月26 日 00:38:33 INFO     406  Get The Right Ack , Send Next Data 
Socket Logging 2016 6月26 日 00:38:33 INFO     391  hasSend is 3 plus 1
Socket Logging 2016 6月26 日 00:38:34 INFO     382  Thread-2 Receive Ack  0000
Socket Logging 2016 6月26 日 00:38:34 INFO     386  Thread-2 DDDDDDDDDDDDDData 0000
Socket Logging 2016 6月26 日 00:38:34 INFO     387  Now The Sf is 3
Socket Logging 2016 6月26 日 00:38:34 INFO     391  hasSend is 3 plus 0
Socket Logging 2016 6月26 日 00:38:34 INFO     406  Get The Right Ack , Send Next Data 
Socket Logging 2016 6月26 日 00:38:34 INFO     391  hasSend is 4 plus 1
Socket Logging 2016 6月26 日 00:38:34 INFO     370  Are You OK? 4
Socket Logging 2016 6月26 日 00:38:34 INFO     371  Thread-2 Send Data 0001 
Socket Logging 2016 6月26 日 00:38:34 INFO     322  Thread-3 is death
Socket Logging 2016 6月26 日 00:38:34 INFO     338  Server Start Connect To 127.0.0.1:8090... 
Socket Logging 2016 6月26 日 00:38:34 INFO     359  Thread-3 Resend o
Socket Logging 2016 6月26 日 00:38:34 INFO     370  Are You OK? 4
Socket Logging 2016 6月26 日 00:38:34 INFO     371  Thread-3 Send Data 0000o
Socket Logging 2016 6月26 日 00:38:35 INFO     382  Thread-4 Receive Ack  0001
Socket Logging 2016 6月26 日 00:38:35 INFO     386  Thread-4 DDDDDDDDDDDDDData 0001
Socket Logging 2016 6月26 日 00:38:35 INFO     387  Now The Sf is 0
Socket Logging 2016 6月26 日 00:38:35 INFO     391  hasSend is 4 plus 0
Socket Logging 2016 6月26 日 00:38:35 INFO     406  Get The Right Ack , Send Next Data 
Socket Logging 2016 6月26 日 00:38:35 INFO     391  hasSend is 5 plus 1
Socket Logging 2016 6月26 日 00:38:35 INFO     359  Thread-4 Resend  
Socket Logging 2016 6月26 日 00:38:35 INFO     370  Are You OK? 4
Socket Logging 2016 6月26 日 00:38:35 INFO     371  Thread-4 Send Data 0001 
Socket Logging 2016 6月26 日 00:38:35 INFO     382  Thread-2 Receive Ack  0010
Socket Logging 2016 6月26 日 00:38:35 INFO     386  Thread-2 DDDDDDDDDDDDDData 0010
Socket Logging 2016 6月26 日 00:38:35 INFO     387  Now The Sf is 1
Socket Logging 2016 6月26 日 00:38:35 INFO     391  hasSend is 5 plus 0
Socket Logging 2016 6月26 日 00:38:35 INFO     406  Get The Right Ack , Send Next Data 
Socket Logging 2016 6月26 日 00:38:35 INFO     391  hasSend is 6 plus 1
Socket Logging 2016 6月26 日 00:38:35 INFO     370  Are You OK? 4
Socket Logging 2016 6月26 日 00:38:35 INFO     371  Thread-2 Send Data 0010w
Socket Logging 2016 6月26 日 00:38:36 INFO     382  Thread-4 Receive Ack  0010
Socket Logging 2016 6月26 日 00:38:36 INFO     386  Thread-4 DDDDDDDDDDDDDData 0010
Socket Logging 2016 6月26 日 00:38:36 INFO     387  Now The Sf is 2
Socket Logging 2016 6月26 日 00:38:36 INFO     391  hasSend is 6 plus 0
Socket Logging 2016 6月26 日 00:38:36 INFO     370  Are You OK? 4
Socket Logging 2016 6月26 日 00:38:36 INFO     371  Thread-4 Send Data 0011o
Socket Logging 2016 6月26 日 00:38:36 INFO     382  Thread-3 Receive Ack  0010
Socket Logging 2016 6月26 日 00:38:36 INFO     386  Thread-3 DDDDDDDDDDDDDData 0010
Socket Logging 2016 6月26 日 00:38:36 INFO     387  Now The Sf is 2
Socket Logging 2016 6月26 日 00:38:36 INFO     391  hasSend is 6 plus 0
Socket Logging 2016 6月26 日 00:38:36 INFO     322  Thread-3 is death
Socket Logging 2016 6月26 日 00:38:36 INFO     338  Server Start Connect To 127.0.0.1:8090... 
Socket Logging 2016 6月26 日 00:38:36 INFO     359  Thread-3 Resend w
Socket Logging 2016 6月26 日 00:38:36 INFO     370  Are You OK? 4
Socket Logging 2016 6月26 日 00:38:36 INFO     371  Thread-3 Send Data 0010w
Socket Logging 2016 6月26 日 00:38:36 INFO     382  Thread-2 Receive Ack  0011
Socket Logging 2016 6月26 日 00:38:36 INFO     386  Thread-2 DDDDDDDDDDDDDData 0011
Socket Logging 2016 6月26 日 00:38:36 INFO     387  Now The Sf is 2
Socket Logging 2016 6月26 日 00:38:36 INFO     391  hasSend is 6 plus 0
Socket Logging 2016 6月26 日 00:38:36 INFO     406  Get The Right Ack , Send Next Data 
Socket Logging 2016 6月26 日 00:38:36 INFO     391  hasSend is 7 plus 1
Socket Logging 2016 6月26 日 00:38:36 INFO     359  Thread-2 Resend o
Socket Logging 2016 6月26 日 00:38:36 INFO     370  Are You OK? 4
Socket Logging 2016 6月26 日 00:38:36 INFO     371  Thread-2 Send Data 0011o
Socket Logging 2016 6月26 日 00:38:37 INFO     382  Thread-4 Receive Ack  0000
Socket Logging 2016 6月26 日 00:38:37 INFO     386  Thread-4 DDDDDDDDDDDDDData 0000
Socket Logging 2016 6月26 日 00:38:37 INFO     387  Now The Sf is 3
Socket Logging 2016 6月26 日 00:38:37 INFO     391  hasSend is 7 plus 0
Socket Logging 2016 6月26 日 00:38:37 INFO     406  Get The Right Ack , Send Next Data 
Socket Logging 2016 6月26 日 00:38:37 INFO     391  hasSend is 8 plus 1
Socket Logging 2016 6月26 日 00:38:37 INFO     370  Are You OK? 4
Socket Logging 2016 6月26 日 00:38:37 INFO     371  Thread-4 Send Data 0000r
Socket Logging 2016 6月26 日 00:38:37 INFO     382  Thread-2 Receive Ack  0000
Socket Logging 2016 6月26 日 00:38:37 INFO     386  Thread-2 DDDDDDDDDDDDDData 0000
Socket Logging 2016 6月26 日 00:38:37 INFO     387  Now The Sf is 0
Socket Logging 2016 6月26 日 00:38:37 INFO     391  hasSend is 8 plus 0
Socket Logging 2016 6月26 日 00:38:37 INFO     370  Are You OK? 4
Socket Logging 2016 6月26 日 00:38:37 INFO     371  Thread-2 Send Data 0001l
Socket Logging 2016 6月26 日 00:38:38 INFO     382  Thread-2 Receive Ack  0000
Socket Logging 2016 6月26 日 00:38:38 INFO     386  Thread-2 DDDDDDDDDDDDDData 0000
Socket Logging 2016 6月26 日 00:38:38 INFO     387  Now The Sf is 0
Socket Logging 2016 6月26 日 00:38:38 INFO     391  hasSend is 8 plus 0
Socket Logging 2016 6月26 日 00:38:38 INFO     382  Thread-4 Receive Ack  0001
Socket Logging 2016 6月26 日 00:38:38 INFO     386  Thread-4 DDDDDDDDDDDDDData 0001
Socket Logging 2016 6月26 日 00:38:38 INFO     387  Now The Sf is 0
Socket Logging 2016 6月26 日 00:38:38 INFO     391  hasSend is 8 plus 0
Socket Logging 2016 6月26 日 00:38:38 INFO     406  Get The Right Ack , Send Next Data 
Socket Logging 2016 6月26 日 00:38:38 INFO     391  hasSend is 9 plus 1
Socket Logging 2016 6月26 日 00:38:38 INFO     370  Are You OK? 4
Socket Logging 2016 6月26 日 00:38:38 INFO     371  Thread-4 Send Data 0010d
Socket Logging 2016 6月26 日 00:38:38 INFO     382  Thread-3 Receive Ack  0001
Socket Logging 2016 6月26 日 00:38:38 INFO     386  Thread-3 DDDDDDDDDDDDDData 0001
Socket Logging 2016 6月26 日 00:38:38 INFO     387  Now The Sf is 1
Socket Logging 2016 6月26 日 00:38:38 INFO     391  hasSend is 9 plus 0
Socket Logging 2016 6月26 日 00:38:38 INFO     322  Thread-2 is death
Socket Logging 2016 6月26 日 00:38:38 INFO     338  Server Start Connect To 127.0.0.1:8090... 
Socket Logging 2016 6月26 日 00:38:38 INFO     359  Thread-2 Resend l
Socket Logging 2016 6月26 日 00:38:38 INFO     370  Are You OK? 4
Socket Logging 2016 6月26 日 00:38:38 INFO     371  Thread-2 Send Data 0001l
Socket Logging 2016 6月26 日 00:38:39 INFO     382  Thread-4 Receive Ack  0001
Socket Logging 2016 6月26 日 00:38:39 INFO     386  Thread-4 DDDDDDDDDDDDDData 0001
Socket Logging 2016 6月26 日 00:38:39 INFO     387  Now The Sf is 1
Socket Logging 2016 6月26 日 00:38:39 INFO     391  hasSend is 9 plus 0
Socket Logging 2016 6月26 日 00:38:39 INFO     382  Thread-2 Receive Ack  0010
Socket Logging 2016 6月26 日 00:38:39 INFO     386  Thread-2 DDDDDDDDDDDDDData 0010
Socket Logging 2016 6月26 日 00:38:39 INFO     387  Now The Sf is 1
Socket Logging 2016 6月26 日 00:38:39 INFO     391  hasSend is 9 plus 0
Socket Logging 2016 6月26 日 00:38:39 INFO     406  Get The Right Ack , Send Next Data 
Socket Logging 2016 6月26 日 00:38:39 INFO     391  hasSend is 10 plus 1
Socket Logging 2016 6月26 日 00:38:39 INFO     359  Thread-2 Resend d
Socket Logging 2016 6月26 日 00:38:39 INFO     370  Are You OK? 4
Socket Logging 2016 6月26 日 00:38:39 INFO     371  Thread-2 Send Data 0010d
Socket Logging 2016 6月26 日 00:38:40 INFO     382  Thread-2 Receive Ack  0011
Socket Logging 2016 6月26 日 00:38:40 INFO     386  Thread-2 DDDDDDDDDDDDDData 0011
Socket Logging 2016 6月26 日 00:38:40 INFO     387  Now The Sf is 2
Socket Logging 2016 6月26 日 00:38:40 INFO     391  hasSend is 10 plus 0
Socket Logging 2016 6月26 日 00:38:40 INFO     406  Get The Right Ack , Send Next Data 
Socket Logging 2016 6月26 日 00:38:40 INFO     391  hasSend is 11 plus 1
Socket Logging 2016 6月26 日 00:38:40 INFO     370  Are You OK? 4
Socket Logging 2016 6月26 日 00:38:40 INFO     371  Thread-2 Send Data 0011!
Socket Logging 2016 6月26 日 00:38:41 INFO     382  Thread-2 Receive Ack  0000
Socket Logging 2016 6月26 日 00:38:41 INFO     386  Thread-2 DDDDDDDDDDDDDData 0000
Socket Logging 2016 6月26 日 00:38:41 INFO     387  Now The Sf is 3
Socket Logging 2016 6月26 日 00:38:41 INFO     391  hasSend is 11 plus 0
Socket Logging 2016 6月26 日 00:38:41 INFO     406  Get The Right Ack , Send Next Data 
Socket Logging 2016 6月26 日 00:38:41 INFO     391  hasSend is 12 plus 1
Socket Logging 2016 6月26 日 00:38:41 INFO     362  whATERROR 
Socket Logging 2016 6月26 日 00:38:41 INFO     366  Send All Data 
Socket Logging 2016 6月26 日 00:38:41 INFO     368  Thread-2 is closeeeeeeeeeeeeeeeeeeeeeeee
Socket Logging 2016 6月26 日 00:38:41 INFO     322  Thread-3 is death
Socket Logging 2016 6月26 日 00:38:41 INFO     338  Server Start Connect To 127.0.0.1:8090... 
Socket Logging 2016 6月26 日 00:38:41 INFO     362  whATERROR 
Socket Logging 2016 6月26 日 00:38:41 INFO     366  Send All Data 
Socket Logging 2016 6月26 日 00:38:41 INFO     368  Thread-3 is closeeeeeeeeeeeeeeeeeeeeeeee
Socket Logging 2016 6月26 日 00:38:41 INFO     322  Thread-4 is death
Socket Logging 2016 6月26 日 00:38:41 INFO     338  Server Start Connect To 127.0.0.1:8090... 
Socket Logging 2016 6月26 日 00:38:41 INFO     362  whATERROR 
Socket Logging 2016 6月26 日 00:38:41 INFO     366  Send All Data 
Socket Logging 2016 6月26 日 00:38:41 INFO     368  Thread-4 is closeeeeeeeeeeeeeeeeeeeeeeee
Socket Logging 2016 6月26 日 00:38:41 INFO     324  Timer need death
